<?xml version="1.0" encoding="UTF-8"?>
<!-- Generated by org.testng.reporters.JUnitXMLReporter -->
<testsuite ignored="0" hostname="Sanja-PC" failures="1" tests="1" name="Validating title" time="8.846" errors="0" timestamp="2020-01-05T02:08:10 CET">
  <testcase classname="endava.ValidateTitle" name="testTitleValidation" time="0.065">
    <failure type="java.lang.AssertionError" message="expected [FEATURED COURSES123] but found [FEATURED COURSES]">
      <![CDATA[java.lang.AssertionError: expected [FEATURED COURSES123] but found [FEATURED COURSES]
at endava.ValidateTitle.testTitleValidation(ValidateTitle.java:36)
at java.base/java.util.ArrayList.forEach(ArrayList.java:1540)
... Removed 32 stack frames]]>
    </failure>
  </testcase> <!-- testTitleValidation -->
</testsuite> <!-- Validating title -->
